1642152923037	geckodriver	INFO	Listening on 127.0.0.1:38321
1642152923045	mozrunner::runner	INFO	Running command: "/usr/bin/firefox" "--marionette" "--remote-debugging-port" "47609" "-no-remote" "-profile" "/tmp/rust_mozprofile6CbgQV"
1642152928020	Marionette	INFO	Marionette enabled
console.info: MINT: Trying to use the system region (based on LANG).
console.info: MINT: System region is UA
console.info: MINT: Trying to use the system region (based on LANG).
console.info: MINT: System region is UA
console.warn: SearchSettings: "get: No settings file exists, new profile?" (new NotFoundError("Could not open the file at /tmp/rust_mozprofile6CbgQV/search.json.mozlz4", (void 0)))
JavaScript error: resource:///modules/BrowserGlue.jsm, line 4033: TypeError: invalid assignment to const 'dialogReason'
DevTools listening on ws://localhost:47609/devtools/browser/9707d32e-b40e-47c0-b3f1-d4151b67192e
1642152935217	Marionette	INFO	Listening on port 45297
1642152936692	RemoteAgent	WARN	TLS certificate errors will be ignored for this session
console.info: MINT: Loading search-config defaults.
JavaScript error: resource://gre/modules/TelemetryUtils.jsm, line 154: TypeError: date is undefined
1642152949869	Marionette	INFO	Stopped listening on port 45297
console.warn: TopSitesFeed: Failed to fetch data from Contile server: NetworkError when attempting to fetch resource.

###!!! [Parent][RunMessage] Error: Channel closing: too late to send/recv, messages will be lost

1642153172101	geckodriver	INFO	Listening on 127.0.0.1:38419
1642153172109	mozrunner::runner	INFO	Running command: "/usr/bin/firefox" "--marionette" "--remote-debugging-port" "59027" "-no-remote" "-profile" "/tmp/rust_mozprofilemmC6vX"
1642153175146	Marionette	INFO	Marionette enabled
console.info: MINT: Trying to use the system region (based on LANG).
console.info: MINT: System region is UA
console.info: MINT: Trying to use the system region (based on LANG).
console.info: MINT: System region is UA
console.warn: SearchSettings: "get: No settings file exists, new profile?" (new NotFoundError("Could not open the file at /tmp/rust_mozprofilemmC6vX/search.json.mozlz4", (void 0)))
JavaScript error: resource:///modules/BrowserGlue.jsm, line 4033: TypeError: invalid assignment to const 'dialogReason'
DevTools listening on ws://localhost:59027/devtools/browser/8f757549-02e5-4ee1-a115-b25ff3dfcd76
1642153179534	Marionette	INFO	Listening on port 45193
1642153180097	RemoteAgent	WARN	TLS certificate errors will be ignored for this session
console.info: MINT: Loading search-config defaults.
JavaScript error: resource://gre/modules/TelemetryUtils.jsm, line 154: TypeError: date is undefined
1642153272673	Marionette	INFO	Stopped listening on port 45193
console.warn: TopSitesFeed: Failed to fetch data from Contile server: NetworkError when attempting to fetch resource.

###!!! [Parent][RunMessage] Error: Channel closing: too late to send/recv, messages will be lost

1642153380170	geckodriver	INFO	Listening on 127.0.0.1:46629
1642153380177	mozrunner::runner	INFO	Running command: "/usr/bin/firefox" "--marionette" "--remote-debugging-port" "50269" "-no-remote" "-profile" "/tmp/rust_mozprofileWgKpWU"
1642153383587	Marionette	INFO	Marionette enabled
console.info: MINT: Trying to use the system region (based on LANG).
console.info: MINT: System region is UA
console.info: MINT: Trying to use the system region (based on LANG).
console.info: MINT: System region is UA
console.warn: SearchSettings: "get: No settings file exists, new profile?" (new NotFoundError("Could not open the file at /tmp/rust_mozprofileWgKpWU/search.json.mozlz4", (void 0)))
JavaScript error: resource:///modules/BrowserGlue.jsm, line 4033: TypeError: invalid assignment to const 'dialogReason'
DevTools listening on ws://localhost:50269/devtools/browser/3be4741b-ab06-4b7e-b943-9e636243cd78
1642153387389	Marionette	INFO	Listening on port 44431
1642153387785	RemoteAgent	WARN	TLS certificate errors will be ignored for this session
1642153390354	Marionette	INFO	Stopped listening on port 44431
JavaScript error: chrome://remote/content/marionette/cert.js, line 55: NS_ERROR_NOT_AVAILABLE: Component returned failure code: 0x80040111 (NS_ERROR_NOT_AVAILABLE) [nsICertOverrideService.setDisableAllSecurityChecksAndLetAttackersInterceptMyData]

###!!! [Child][RunMessage] Error: Channel closing: too late to send/recv, messages will be lost

console.warn: TopSitesFeed: Failed to fetch data from Contile server: NetworkError when attempting to fetch resource.
console.log: "RemoteSettingsWorker error: Error: Can't import when we've started shutting down."
console.info: MINT: Loading search-config defaults.
console.error: SearchService: "_init: failure initializing search:" (void 0)
JavaScript error: resource://gre/modules/AsyncShutdown.jsm, line 575: uncaught exception: 2147500037
JavaScript error: resource://gre/modules/SearchService.jsm, line 196: NS_ERROR_FAILURE: SearchService previously failed to initialize
JavaScript error: resource://gre/modules/AsyncShutdown.jsm, line 575: uncaught exception: 2147500037
JavaScript error: resource://gre/modules/AsyncShutdown.jsm, line 575: uncaught exception: 2147500037
JavaScript error: resource://gre/modules/AsyncShutdown.jsm, line 575: uncaught exception: 2147500037
JavaScript error: resource://gre/modules/AsyncShutdown.jsm, line 575: uncaught exception: 2147500037
JavaScript error: resource://gre/modules/AsyncShutdown.jsm, line 575: uncaught exception: 2147500037
JavaScript error: resource://gre/modules/JSONFile.jsm, line 186: Error: Data is not ready.
console.log: "RemoteSettingsWorker error: Error: Can't import when we've started shutting down."
console.log: "RemoteSettingsWorker error: Error: Can't import when we've started shutting down."
console.log: "RemoteSettingsWorker error: Error: Can't import when we've started shutting down."
console.log: "RemoteSettingsWorker error: Error: Can't import when we've started shutting down."
console.log: "RemoteSettingsWorker error: Error: Can't import when we've started shutting down."
console.log: "RemoteSettingsWorker error: Error: Can't import when we've started shutting down."
JavaScript error: , line 0: uncaught exception: 2147500037
JavaScript error: resource://gre/modules/ExtensionSettingsStore.jsm, line 122: Error: The ExtensionSettingsStore was accessed before the initialize promise resolved.
JavaScript error: resource://gre/modules/AsyncShutdown.jsm, line 718: Error: Phase "profile-before-change" is finished, it is too late to register completion condition "DoHController: clear state and remove observers"

###!!! [Parent][RunMessage] Error: Channel closing: too late to send/recv, messages will be lost

